<?xml version="1.0" encoding="UTF-8"?>
<!-- Generated by org.testng.reporters.JUnitXMLReporter -->
<testsuite ignored="0" hostname="DESKTOP-RVOGI0F" failures="0" tests="4" name="Test" time="0.064" errors="0" timestamp="2022-10-15T14:56:03 IST">
  <testcase classname="script.testcase3" name="tc3" time="0.009"/>
  <testcase classname="script.testcase4" name="tc4" time="0.001"/>
  <testcase classname="script.Testcase1" name="tc1" time="0.001"/>
  <testcase classname="script.testcase2" name="tc2" time="0.002"/>
</testsuite> <!-- Test -->
