<?xml version="1.0" encoding="UTF-8"?>
<testng-results ignored="0" total="4" passed="4" failed="0" skipped="0">
  <reporter-output>
    <line>
      <![CDATA[hello appium]]>
    </line>
    <line>
      <![CDATA[hello api]]>
    </line>
    <line>
      <![CDATA[hello java]]>
    </line>
    <line>
      <![CDATA[hello selenium]]>
    </line>
  </reporter-output>
  <suite started-at="2022-10-15T14:56:03 IST" name="Suite" finished-at="2022-10-15T14:56:03 IST" duration-ms="64">
    <groups>
    </groups>
    <test started-at="2022-10-15T14:56:03 IST" name="Test" finished-at="2022-10-15T14:56:03 IST" duration-ms="64">
      <class name="script.Testcase1">
        <test-method signature="tc1()[pri:0, instance:script.Testcase1@3fb1549b]" started-at="2022-10-15T14:56:03 IST" name="tc1" finished-at="2022-10-15T14:56:03 IST" duration-ms="1" status="PASS">
          <reporter-output>
            <line>
              <![CDATA[hello java]]>
            </line>
          </reporter-output>
        </test-method> <!-- tc1 -->
      </class> <!-- script.Testcase1 -->
      <class name="script.testcase3">
        <test-method signature="tc3()[pri:0, instance:script.testcase3@10163d6]" started-at="2022-10-15T14:56:03 IST" name="tc3" finished-at="2022-10-15T14:56:03 IST" duration-ms="9" status="PASS">
          <reporter-output>
            <line>
              <![CDATA[hello appium]]>
            </line>
          </reporter-output>
        </test-method> <!-- tc3 -->
      </class> <!-- script.testcase3 -->
      <class name="script.testcase4">
        <test-method signature="tc4()[pri:0, instance:script.testcase4@10feca44]" started-at="2022-10-15T14:56:03 IST" name="tc4" finished-at="2022-10-15T14:56:03 IST" duration-ms="1" status="PASS">
          <reporter-output>
            <line>
              <![CDATA[hello api]]>
            </line>
          </reporter-output>
        </test-method> <!-- tc4 -->
      </class> <!-- script.testcase4 -->
      <class name="script.testcase2">
        <test-method signature="tc2()[pri:0, instance:script.testcase2@ea6147e]" started-at="2022-10-15T14:56:03 IST" name="tc2" finished-at="2022-10-15T14:56:03 IST" duration-ms="2" status="PASS">
          <reporter-output>
            <line>
              <![CDATA[hello selenium]]>
            </line>
          </reporter-output>
        </test-method> <!-- tc2 -->
      </class> <!-- script.testcase2 -->
    </test> <!-- Test -->
  </suite> <!-- Suite -->
</testng-results>
